<?xml version="1.0" encoding="UTF-8"?>
<testsuite name="com.back.csaback.Services.QuestionStandardServiceTest" tests="11" skipped="0" failures="0" errors="0" timestamp="2024-02-15T00:03:36" hostname="dosi-Latitude-5520" time="0.916">
  <properties/>
  <testcase name="delete_AssociatedQuestion_ThrowsErrorQuestionAssociated()" classname="com.back.csaback.Services.QuestionStandardServiceTest" time="0.836"/>
  <testcase name="getAll()" classname="com.back.csaback.Services.QuestionStandardServiceTest" time="0.01"/>
  <testcase name="save()" classname="com.back.csaback.Services.QuestionStandardServiceTest" time="0.01"/>
  <testcase name="update_NonExistentQuestion_ThrowsEntityNotFoundException()" classname="com.back.csaback.Services.QuestionStandardServiceTest" time="0.006"/>
  <testcase name="findById_ExistingQuestion()" classname="com.back.csaback.Services.QuestionStandardServiceTest" time="0.005"/>
  <testcase name="update_NonAssociatedQuestion_ReturnsUpdatedQuestion()" classname="com.back.csaback.Services.QuestionStandardServiceTest" time="0.008"/>
  <testcase name="delete_WhenQuestionIsNotAssociated_ShouldDeleteSuccessfully()" classname="com.back.csaback.Services.QuestionStandardServiceTest" time="0.007"/>
  <testcase name="isQuestionAssociated_False()" classname="com.back.csaback.Services.QuestionStandardServiceTest" time="0.005"/>
  <testcase name="findById_NonExistingQuestion()" classname="com.back.csaback.Services.QuestionStandardServiceTest" time="0.004"/>
  <testcase name="update_AssociatedQuestion_ThrowsErrorQuestionAssociated()" classname="com.back.csaback.Services.QuestionStandardServiceTest" time="0.003"/>
  <testcase name="isQuestionAssociated_True()" classname="com.back.csaback.Services.QuestionStandardServiceTest" time="0.004"/>
  <system-out><![CDATA[]]></system-out>
  <system-err><![CDATA[]]></system-err>
</testsuite>
