<?xml version="1.0" encoding="UTF-8"?>
<testsuite name="com.back.csaback.Services.QualificatifServiceTest" tests="7" skipped="0" failures="0" errors="0" timestamp="2024-02-15T14:39:45" hostname="dosi-Latitude-5520" time="0.808">
  <properties/>
  <testcase name="testFindQualificationById_ThrowsEntityNotFoundException()" classname="com.back.csaback.Services.QualificatifServiceTest" time="0.771"/>
  <testcase name="testIsQualificatifExists()" classname="com.back.csaback.Services.QualificatifServiceTest" time="0.004"/>
  <testcase name="testUpdateQualificatif_ThrowQualificatifExistException()" classname="com.back.csaback.Services.QualificatifServiceTest" time="0.004"/>
  <testcase name="testGetAllQualificatifs()" classname="com.back.csaback.Services.QualificatifServiceTest" time="0.004"/>
  <testcase name="testCreateQualificatif()" classname="com.back.csaback.Services.QualificatifServiceTest" time="0.004"/>
  <testcase name="testDeleteQualificatif()" classname="com.back.csaback.Services.QualificatifServiceTest" time="0.008"/>
  <testcase name="testFindQualificationById()" classname="com.back.csaback.Services.QualificatifServiceTest" time="0.005"/>
  <system-out><![CDATA[]]></system-out>
  <system-err><![CDATA[]]></system-err>
</testsuite>
