<?xml version="1.0" encoding="UTF-8"?>
<testsuite name="com.back.csaback.CsaBackApplicationTests" tests="1" skipped="0" failures="0" errors="0" timestamp="2024-01-30T16:10:55" hostname="SAAD" time="0.608">
  <properties/>
  <testcase name="contextLoads()" classname="com.back.csaback.CsaBackApplicationTests" time="0.608"/>
  <system-out><![CDATA[17:10:52.191 [Test worker] INFO org.springframework.test.context.support.AnnotationConfigContextLoaderUtils -- Could not detect default configuration classes for test class [com.back.csaback.CsaBackApplicationTests]: CsaBackApplicationTests does not declare any static, non-private, non-final, nested classes annotated with @Configuration.
17:10:52.282 [Test worker] INFO org.springframework.boot.test.context.SpringBootTestContextBootstrapper -- Found @SpringBootConfiguration com.back.csaback.CsaBackApplication for test class com.back.csaback.CsaBackApplicationTests

  .   ____          _            __ _ _
 /\\ / ___'_ __ _ _(_)_ __  __ _ \ \ \ \
( ( )\___ | '_ | '_| | '_ \/ _` | \ \ \ \
 \\/  ___)| |_)| | | | | || (_| |  ) ) ) )
  '  |____| .__|_| |_|_| |_\__, | / / / /
 =========|_|==============|___/=/_/_/_/
 :: Spring Boot ::                (v3.2.2)

2024-01-30T17:10:52.646+01:00  INFO 3776 --- [    Test worker] c.back.csaback.CsaBackApplicationTests   : Starting CsaBackApplicationTests using Java 17.0.8 with PID 3776 (started by sahad in C:\Users\sahad\Desktop\projet dzaml\back)
2024-01-30T17:10:52.647+01:00  INFO 3776 --- [    Test worker] c.back.csaback.CsaBackApplicationTests   : No active profile set, falling back to 1 default profile: "default"
2024-01-30T17:10:53.201+01:00  INFO 3776 --- [    Test worker] .s.d.r.c.RepositoryConfigurationDelegate : Bootstrapping Spring Data JPA repositories in DEFAULT mode.
2024-01-30T17:10:53.230+01:00  INFO 3776 --- [    Test worker] .s.d.r.c.RepositoryConfigurationDelegate : Finished Spring Data repository scanning in 19 ms. Found 0 JPA repository interfaces.
2024-01-30T17:10:53.667+01:00  INFO 3776 --- [    Test worker] o.hibernate.jpa.internal.util.LogHelper  : HHH000204: Processing PersistenceUnitInfo [name: default]
2024-01-30T17:10:53.724+01:00  INFO 3776 --- [    Test worker] org.hibernate.Version                    : HHH000412: Hibernate ORM core version 6.4.1.Final
2024-01-30T17:10:53.762+01:00  INFO 3776 --- [    Test worker] o.h.c.internal.RegionFactoryInitiator    : HHH000026: Second-level cache disabled
2024-01-30T17:10:54.002+01:00  INFO 3776 --- [    Test worker] o.s.o.j.p.SpringPersistenceUnitInfo      : No LoadTimeWeaver setup: ignoring JPA class transformer
2024-01-30T17:10:54.028+01:00  INFO 3776 --- [    Test worker] com.zaxxer.hikari.HikariDataSource       : HikariPool-1 - Starting...
2024-01-30T17:10:54.182+01:00  INFO 3776 --- [    Test worker] com.zaxxer.hikari.pool.HikariPool        : HikariPool-1 - Added connection com.mysql.cj.jdbc.ConnectionImpl@2d24cdd9
2024-01-30T17:10:54.184+01:00  INFO 3776 --- [    Test worker] com.zaxxer.hikari.HikariDataSource       : HikariPool-1 - Start completed.
2024-01-30T17:10:54.225+01:00  WARN 3776 --- [    Test worker] org.hibernate.dialect.Dialect            : HHH000511: The 5.5.0 version for [org.hibernate.dialect.MySQLDialect] is no longer supported, hence certain features may not work properly. The minimum supported version is 8.0.0. Check the community dialects project for available legacy versions.
2024-01-30T17:10:54.503+01:00  INFO 3776 --- [    Test worker] o.h.e.t.j.p.i.JtaPlatformInitiator       : HHH000489: No JTA platform available (set 'hibernate.transaction.jta.platform' to enable JTA platform integration)
2024-01-30T17:10:54.511+01:00  INFO 3776 --- [    Test worker] j.LocalContainerEntityManagerFactoryBean : Initialized JPA EntityManagerFactory for persistence unit 'default'
2024-01-30T17:10:54.660+01:00  WARN 3776 --- [    Test worker] JpaBaseConfiguration$JpaWebConfiguration : spring.jpa.open-in-view is enabled by default. Therefore, database queries may be performed during view rendering. Explicitly configure spring.jpa.open-in-view to disable this warning
2024-01-30T17:10:55.216+01:00  INFO 3776 --- [    Test worker] c.back.csaback.CsaBackApplicationTests   : Started CsaBackApplicationTests in 2.776 seconds (process running for 3.868)
]]></system-out>
  <system-err><![CDATA[]]></system-err>
</testsuite>
