<?xml version="1.0" encoding="UTF-8"?>
<testsuite name="com.back.csaback.Controllers.EvaluationControllerTest" tests="1" skipped="0" failures="0" errors="0" timestamp="2024-02-13T15:08:57" hostname="SAAD" time="0.161">
  <properties/>
  <testcase name="consulterInfoTest()" classname="com.back.csaback.Controllers.EvaluationControllerTest" time="0.161"/>
  <system-out><![CDATA[16:08:54.132 [Test worker] INFO org.springframework.test.context.support.AnnotationConfigContextLoaderUtils -- Could not detect default configuration classes for test class [com.back.csaback.Controllers.EvaluationControllerTest]: EvaluationControllerTest does not declare any static, non-private, non-final, nested classes annotated with @Configuration.
16:08:54.273 [Test worker] INFO org.springframework.boot.test.context.SpringBootTestContextBootstrapper -- Found @SpringBootConfiguration com.back.csaback.CsaBackApplication for test class com.back.csaback.Controllers.EvaluationControllerTest

  .   ____          _            __ _ _
 /\\ / ___'_ __ _ _(_)_ __  __ _ \ \ \ \
( ( )\___ | '_ | '_| | '_ \/ _` | \ \ \ \
 \\/  ___)| |_)| | | | | || (_| |  ) ) ) )
  '  |____| .__|_| |_|_| |_\__, | / / / /
 =========|_|==============|___/=/_/_/_/
 :: Spring Boot ::                (v3.2.2)

2024-02-13T16:08:54.594+01:00  INFO 15096 --- [    Test worker] c.b.c.C.EvaluationControllerTest         : Starting EvaluationControllerTest using Java 19.0.2 with PID 15096 (started by sahad in C:\Users\sahad\Desktop\agile\back)
2024-02-13T16:08:54.595+01:00  INFO 15096 --- [    Test worker] c.b.c.C.EvaluationControllerTest         : No active profile set, falling back to 1 default profile: "default"
2024-02-13T16:08:56.794+01:00  WARN 15096 --- [    Test worker] .s.s.UserDetailsServiceAutoConfiguration : 

Using generated security password: 14e174df-c7e8-479d-bd4c-af1953354860

This generated password is for development use only. Your security configuration must be updated before running your application in production.

2024-02-13T16:08:56.919+01:00  INFO 15096 --- [    Test worker] o.s.s.web.DefaultSecurityFilterChain     : Will secure any request with [org.springframework.security.web.session.DisableEncodeUrlFilter@39a8e2fa, org.springframework.security.web.context.request.async.WebAsyncManagerIntegrationFilter@2f9addd4, org.springframework.security.web.context.SecurityContextHolderFilter@30228de7, org.springframework.security.web.header.HeaderWriterFilter@2c668c2a, org.springframework.web.filter.CorsFilter@1c43df76, org.springframework.security.web.csrf.CsrfFilter@7f4f1536, org.springframework.security.web.authentication.logout.LogoutFilter@36c783ca, org.springframework.security.web.authentication.UsernamePasswordAuthenticationFilter@1e0294a7, org.springframework.security.web.authentication.ui.DefaultLoginPageGeneratingFilter@2dbf2da, org.springframework.security.web.authentication.ui.DefaultLogoutPageGeneratingFilter@ff2266c, org.springframework.security.web.authentication.www.BasicAuthenticationFilter@17003497, org.springframework.security.web.savedrequest.RequestCacheAwareFilter@2e159116, org.springframework.security.web.servletapi.SecurityContextHolderAwareRequestFilter@d1f23a0, org.springframework.security.web.authentication.AnonymousAuthenticationFilter@71b3ba5a, org.springframework.security.web.access.ExceptionTranslationFilter@1a34a51e, org.springframework.security.web.access.intercept.AuthorizationFilter@3451fc88]
2024-02-13T16:08:56.983+01:00  INFO 15096 --- [    Test worker] o.s.b.t.m.w.SpringBootMockServletContext : Initializing Spring TestDispatcherServlet ''
2024-02-13T16:08:56.983+01:00  INFO 15096 --- [    Test worker] o.s.t.web.servlet.TestDispatcherServlet  : Initializing Servlet ''
2024-02-13T16:08:56.984+01:00  INFO 15096 --- [    Test worker] o.s.t.web.servlet.TestDispatcherServlet  : Completed initialization in 1 ms
2024-02-13T16:08:57.012+01:00  INFO 15096 --- [    Test worker] c.b.c.C.EvaluationControllerTest         : Started EvaluationControllerTest in 2.672 seconds (process running for 3.704)
2024-02-13T16:08:57.050+01:00  INFO 15096 --- [    Test worker] o.s.b.t.m.w.SpringBootMockServletContext : Initializing Spring TestDispatcherServlet ''
2024-02-13T16:08:57.052+01:00  INFO 15096 --- [    Test worker] o.s.t.web.servlet.TestDispatcherServlet  : Initializing Servlet ''
2024-02-13T16:08:57.052+01:00  INFO 15096 --- [    Test worker] o.s.t.web.servlet.TestDispatcherServlet  : Completed initialization in 0 ms
1
]]></system-out>
  <system-err><![CDATA[]]></system-err>
</testsuite>
