<?xml version="1.0" encoding="UTF-8"?>
<testsuite name="com.back.csaback.Controllers.EvaluationControllerTest" tests="1" skipped="0" failures="0" errors="0" timestamp="2024-02-13T15:03:35" hostname="SAAD" time="0.153">
  <properties/>
  <testcase name="consulterInfoTest()" classname="com.back.csaback.Controllers.EvaluationControllerTest" time="0.153"/>
  <system-out><![CDATA[16:03:31.963 [Test worker] INFO org.springframework.test.context.support.AnnotationConfigContextLoaderUtils -- Could not detect default configuration classes for test class [com.back.csaback.Controllers.EvaluationControllerTest]: EvaluationControllerTest does not declare any static, non-private, non-final, nested classes annotated with @Configuration.
16:03:32.098 [Test worker] INFO org.springframework.boot.test.context.SpringBootTestContextBootstrapper -- Found @SpringBootConfiguration com.back.csaback.CsaBackApplication for test class com.back.csaback.Controllers.EvaluationControllerTest

  .   ____          _            __ _ _
 /\\ / ___'_ __ _ _(_)_ __  __ _ \ \ \ \
( ( )\___ | '_ | '_| | '_ \/ _` | \ \ \ \
 \\/  ___)| |_)| | | | | || (_| |  ) ) ) )
  '  |____| .__|_| |_|_| |_\__, | / / / /
 =========|_|==============|___/=/_/_/_/
 :: Spring Boot ::                (v3.2.2)

2024-02-13T16:03:32.425+01:00  INFO 5324 --- [    Test worker] c.b.c.C.EvaluationControllerTest         : Starting EvaluationControllerTest using Java 19.0.2 with PID 5324 (started by sahad in C:\Users\sahad\Desktop\agile\back)
2024-02-13T16:03:32.428+01:00  INFO 5324 --- [    Test worker] c.b.c.C.EvaluationControllerTest         : No active profile set, falling back to 1 default profile: "default"
2024-02-13T16:03:34.688+01:00  WARN 5324 --- [    Test worker] .s.s.UserDetailsServiceAutoConfiguration : 

Using generated security password: 2d346295-7c1b-402d-aa7e-d235c80b7b91

This generated password is for development use only. Your security configuration must be updated before running your application in production.

2024-02-13T16:03:34.874+01:00  INFO 5324 --- [    Test worker] o.s.s.web.DefaultSecurityFilterChain     : Will secure any request with [org.springframework.security.web.session.DisableEncodeUrlFilter@a047bdb, org.springframework.security.web.context.request.async.WebAsyncManagerIntegrationFilter@14dbfdb1, org.springframework.security.web.context.SecurityContextHolderFilter@6996bbc4, org.springframework.security.web.header.HeaderWriterFilter@d1f23a0, org.springframework.web.filter.CorsFilter@7856f41a, org.springframework.security.web.csrf.CsrfFilter@3fc1abf, org.springframework.security.web.authentication.logout.LogoutFilter@333e5fb6, org.springframework.security.web.authentication.UsernamePasswordAuthenticationFilter@7b79ff1c, org.springframework.security.web.authentication.ui.DefaultLoginPageGeneratingFilter@43b6cb1c, org.springframework.security.web.authentication.ui.DefaultLogoutPageGeneratingFilter@5fbae40, org.springframework.security.web.authentication.www.BasicAuthenticationFilter@ff2266c, org.springframework.security.web.savedrequest.RequestCacheAwareFilter@2dbf2da, org.springframework.security.web.servletapi.SecurityContextHolderAwareRequestFilter@21a5b599, org.springframework.security.web.authentication.AnonymousAuthenticationFilter@2c08c787, org.springframework.security.web.access.ExceptionTranslationFilter@28bd5015, org.springframework.security.web.access.intercept.AuthorizationFilter@19647566]
2024-02-13T16:03:34.950+01:00  INFO 5324 --- [    Test worker] o.s.b.t.m.w.SpringBootMockServletContext : Initializing Spring TestDispatcherServlet ''
2024-02-13T16:03:34.950+01:00  INFO 5324 --- [    Test worker] o.s.t.web.servlet.TestDispatcherServlet  : Initializing Servlet ''
2024-02-13T16:03:34.952+01:00  INFO 5324 --- [    Test worker] o.s.t.web.servlet.TestDispatcherServlet  : Completed initialization in 1 ms
2024-02-13T16:03:34.990+01:00  INFO 5324 --- [    Test worker] c.b.c.C.EvaluationControllerTest         : Started EvaluationControllerTest in 2.818 seconds (process running for 3.91)
2024-02-13T16:03:35.023+01:00  INFO 5324 --- [    Test worker] o.s.b.t.m.w.SpringBootMockServletContext : Initializing Spring TestDispatcherServlet ''
2024-02-13T16:03:35.023+01:00  INFO 5324 --- [    Test worker] o.s.t.web.servlet.TestDispatcherServlet  : Initializing Servlet ''
2024-02-13T16:03:35.024+01:00  INFO 5324 --- [    Test worker] o.s.t.web.servlet.TestDispatcherServlet  : Completed initialization in 0 ms
1
]]></system-out>
  <system-err><![CDATA[]]></system-err>
</testsuite>
